apbcbajfmbebffligfnjfnmmnhkjpjpj
set(['[(u\'level\', u\'SEVERE\'), (u\'message\', u"chrome-extension://apbcbajfmbebffligfnjfnmmnhkjpjpj/javascript/messages.js 128:20 Uncaught TypeError: Cannot read property \'appendChild\' of undefined"), (u\'source\', u\'javascript\'), (u\'timestamp\', \'\')]'])
-----
bfogiafebfohielmmehodmfbbebbbpei_11_1_0
set(["[(u'level', u'SEVERE'), (u'message', u'chrome-extension://bfogiafebfohielmmehodmfbbebbbpei/content_scripts/custom_elements/CustomElements.js 738:29 Uncaught RangeError: Maximum call stack size exceeded'), (u'source', u'javascript'), (u'timestamp', '')]"])
-----
bhghmcciajmaajldenaknebahlnialba_1_0
set(['[(u\'level\', u\'SEVERE\'), (u\'message\', u"file:///tmp/.org.chromium.Chromium.FeBPPt/extension_kheghanhgmknkdkmolnknijkjcplcjge/buywithexpert-notification.js 7:5 Uncaught TypeError: Cannot read property \'style\' of undefined"), (u\'source\', u\'javascript\'), (u\'timestamp\', \'\')]'])
-----
cbcfbhjolgdaepkoaoepejclfggmdand_1_0_3_1
set(['[(u\'level\', u\'SEVERE\'), (u\'message\', u"chrome-extension://cbcfbhjolgdaepkoaoepejclfggmdand/contentScripts/mainContainer.js 43:438 Uncaught TypeError: Cannot read property \'contentDocument\' of null"), (u\'source\', u\'javascript\'), (u\'timestamp\', \'\')]'])
-----
cgaocdmhkmfnkdkbnckgmpopcbpaaejo
set(["[(u'level', u'SEVERE'), (u'message', u'chrome-extension://cgaocdmhkmfnkdkbnckgmpopcbpaaejo/content_scripts/lib_detect.js 21:24 Uncaught ReferenceError: d41d8cd98f00b204e9800998ecf8427e_LibraryDetectorTests is not defined'), (u'source', u'javascript'), (u'timestamp', '')]"])
-----
ckecdkhdccmhijackbigkeddkcnljknd
set(['[(u\'level\', u\'SEVERE\'), (u\'message\', u"chrome-extension://ckecdkhdccmhijackbigkeddkcnljknd/assets/js/in_vk.js 101:61 Uncaught TypeError: Cannot read property \'innerHTML\' of null"), (u\'source\', u\'javascript\'), (u\'timestamp\', \'\')]'])
-----
cmopobjfdhggggbkefjbeegonlbheilb_1_8
set(['[(u\'level\', u\'SEVERE\'), (u\'message\', u"chrome-extension://cmopobjfdhggggbkefjbeegonlbheilb/contentscript.js 95:25 Uncaught TypeError: Cannot read property \'getElementsByTagName\' of undefined"), (u\'source\', u\'javascript\'), (u\'timestamp\', \'\')]'])
-----
ddbnnabpnhenehopiolgpcndadcalbfi_1_0
set(["[(u'level', u'SEVERE'), (u'message', u'http://jsdfjsldlfsdjfop.com/ - Denying load of chrome-extension://ddbnnabpnhenehopiolgpcndadcalbfi/cloakx_nerw-images_oTUSSMsW3_2/delete.png. Resources must be listed in the web_accessible_resources manifest key in order to be loaded by pages outside the extension.'), (u'source', u'other'), (u'timestamp', '')]", "[(u'level', u'SEVERE'), (u'message', u'http://jsdfjsldlfsdjfop.com/ - Denying load of chrome-extension://ddbnnabpnhenehopiolgpcndadcalbfi/cloakx_nerw-images_oTUSSMsW3_2/apps_24px.svg. Resources must be listed in the web_accessible_resources manifest key in order to be loaded by pages outside the extension.'), (u'source', u'other'), (u'timestamp', '')]", "[(u'level', u'SEVERE'), (u'message', u'http://jsdfjsldlfsdjfop.com/ - Denying load of chrome-extension://ddbnnabpnhenehopiolgpcndadcalbfi/cloakx_nerw-images_oTUSSMsW3_2/experience.png. Resources must be listed in the web_accessible_resources manifest key in order to be loaded by pages outside the extension.'), (u'source', u'other'), (u'timestamp', '')]", "[(u'level', u'SEVERE'), (u'message', u'http://jsdfjsldlfsdjfop.com/ - Denying load of chrome-extension://ddbnnabpnhenehopiolgpcndadcalbfi/cloakx_nerw-images_oTUSSMsW3_2/time_24px.svg. Resources must be listed in the web_accessible_resources manifest key in order to be loaded by pages outside the extension.'), (u'source', u'other'), (u'timestamp', '')]", "[(u'level', u'SEVERE'), (u'message', u'http://jsdfjsldlfsdjfop.com/ - Denying load of chrome-extension://ddbnnabpnhenehopiolgpcndadcalbfi/cloakx_nerw-images_oTUSSMsW3_2/add.png. Resources must be listed in the web_accessible_resources manifest key in order to be loaded by pages outside the extension.'), (u'source', u'other'), (u'timestamp', '')]"])
-----
dkabogmdcebincpnhjkblipnceehimch_2_0_2
set(["[(u'level', u'SEVERE'), (u'message', u'http://jsdfjsldlfsdjfop.com/ - Error in response to storage.get: ReferenceError: $ is not defined\\n    at bodyFullAddClass (chrome-extension://dkabogmdcebincpnhjkblipnceehimch/content_script.js:50:5)\\n    at Object.callback (chrome-extension://dkabogmdcebincpnhjkblipnceehimch/content_script.js:279:13)\\n    at chrome-extension://dkabogmdcebincpnhjkblipnceehimch/content_script.js:276:22\\n    at chrome-extension://dkabogmdcebincpnhjkblipnceehimch/content_script.js:283:3'), (u'source', u'other'), (u'timestamp', '')]", "[(u'level', u'SEVERE'), (u'message', u'https://www.youtube.com/embed/i-80SGWfEjM - Error in response to storage.get: ReferenceError: $ is not defined\\n    at bodyFullAddClass (chrome-extension://dkabogmdcebincpnhjkblipnceehimch/content_script.js:50:5)\\n    at Object.callback (chrome-extension://dkabogmdcebincpnhjkblipnceehimch/content_script.js:279:13)\\n    at chrome-extension://dkabogmdcebincpnhjkblipnceehimch/content_script.js:276:22\\n    at chrome-extension://dkabogmdcebincpnhjkblipnceehimch/content_script.js:283:3'), (u'source', u'other'), (u'timestamp', '')]", "[(u'level', u'SEVERE'), (u'message', u'https://www.youtube.com/embed/i-80SGWfEjM - Error in response to storage.get: ReferenceError: global_map_to_random is not defined\\n    at getMaskingID (chrome-extension://dkabogmdcebincpnhjkblipnceehimch/ontheflyDOM-hidex.js:310:35)\\n    at HTMLDocument.obj.getElementById (chrome-extension://dkabogmdcebincpnhjkblipnceehimch/ontheflyDOM-hidex.js:358:22)\\n    at createStyleSheet (chrome-extension://dkabogmdcebincpnhjkblipnceehimch/content_script.js:78:24)\\n    at Object.callback (chrome-extension://dkabogmdcebincpnhjkblipnceehimch/content_script.js:205:21)\\n    at chrome-extension://dkabogmdcebincpnhjkblipnceehimch/content_script.js:198:30'), (u'source', u'other'), (u'timestamp', '')]", "[(u'level', u'SEVERE'), (u'message', u'http://jsdfjsldlfsdjfop.com/ - Error in response to storage.get: ReferenceError: global_map_to_random is not defined\\n    at getMaskingID (chrome-extension://dkabogmdcebincpnhjkblipnceehimch/ontheflyDOM-hidex.js:310:35)\\n    at HTMLDocument.obj.getElementById (chrome-extension://dkabogmdcebincpnhjkblipnceehimch/ontheflyDOM-hidex.js:358:22)\\n    at createStyleSheet (chrome-extension://dkabogmdcebincpnhjkblipnceehimch/content_script.js:78:24)\\n    at Object.callback (chrome-extension://dkabogmdcebincpnhjkblipnceehimch/content_script.js:205:21)\\n    at chrome-extension://dkabogmdcebincpnhjkblipnceehimch/content_script.js:198:30'), (u'source', u'other'), (u'timestamp', '')]", "[(u'level', u'SEVERE'), (u'message', u'chrome-extension://dkabogmdcebincpnhjkblipnceehimch/ontheflyDOM-hidex.js 527:24 Uncaught ReferenceError: global_map_to_script is not defined'), (u'source', u'javascript'), (u'timestamp', '')]"])
-----
eakacpaijcpapndcfffdgphdiccmpknp_3_1_203
set(['[(u\'level\', u\'SEVERE\'), (u\'message\', u"chrome-extension://eakacpaijcpapndcfffdgphdiccmpknp/scripts/content_page.js 8712:22 Uncaught TypeError: Cannot read property \'left\' of undefined"), (u\'source\', u\'javascript\'), (u\'timestamp\', \'\')]'])
-----
eblfjognkmbgmhfnkekoibgmohnhcbel_3_2_0
set(['[(u\'level\', u\'SEVERE\'), (u\'message\', u"https://www.basketapp.net/extension/installed - Error in response to storage.get: TypeError: Cannot read property \'length\' of undefined\\n    at Object.callback (chrome-extension://eblfjognkmbgmhfnkekoibgmohnhcbel/js/content.js:1:11637)\\n    at HTMLDocument.<anonymous> (chrome-extension://eblfjognkmbgmhfnkekoibgmohnhcbel/js/content.js:1:11574)\\n    at j (chrome-extension://eblfjognkmbgmhfnkekoibgmohnhcbel/js/jquery.js:2:27244)\\n    at Object.fireWith [as resolveWith] (chrome-extension://eblfjognkmbgmhfnkekoibgmohnhcbel/js/jquery.js:2:28057)\\n    at Function.ready (chrome-extension://eblfjognkmbgmhfnkekoibgmohnhcbel/js/jquery.js:2:29891)\\n    at J (chrome-extension://eblfjognkmbgmhfnkekoibgmohnhcbel/js/jquery.js:2:30257)"), (u\'source\', u\'other\'), (u\'timestamp\', \'\')]', '[(u\'level\', u\'SEVERE\'), (u\'message\', u"http://jsdfjsldlfsdjfop.com/ - Error in response to storage.get: TypeError: Cannot read property \'length\' of undefined\\n    at Object.callback (chrome-extension://eblfjognkmbgmhfnkekoibgmohnhcbel/js/content.js:1:11637)\\n    at HTMLDocument.<anonymous> (chrome-extension://eblfjognkmbgmhfnkekoibgmohnhcbel/js/content.js:1:11574)\\n    at j (chrome-extension://eblfjognkmbgmhfnkekoibgmohnhcbel/js/jquery.js:2:27244)\\n    at Object.fireWith [as resolveWith] (chrome-extension://eblfjognkmbgmhfnkekoibgmohnhcbel/js/jquery.js:2:28057)\\n    at Function.ready (chrome-extension://eblfjognkmbgmhfnkekoibgmohnhcbel/js/jquery.js:2:29891)\\n    at J (chrome-extension://eblfjognkmbgmhfnkekoibgmohnhcbel/js/jquery.js:2:30257)"), (u\'source\', u\'other\'), (u\'timestamp\', \'\')]'])
-----
eejhlkhpanhagmjdejlnajlbhhmbhibm_1_0_2
set(['[(u\'level\', u\'SEVERE\'), (u\'message\', u"http://jsdfjsldlfsdjfop.com/ - Error in event handler for (unknown): TypeError: Cannot read property \'addEventListener\' of null\\n    at insertBookmarklet (chrome-extension://eejhlkhpanhagmjdejlnajlbhhmbhibm/js/script.js:27:61)\\n    at chrome-extension://eejhlkhpanhagmjdejlnajlbhhmbhibm/js/script.js:51:9"), (u\'source\', u\'other\'), (u\'timestamp\', \'\')]'])
-----
egccnhfjlnjkmimhnlfmiilhdaajlbpg_2_0_1
set(['[(u\'level\', u\'SEVERE\'), (u\'message\', u"http://jsdfjsldlfsdjfop.com/ - Error in response to storage.get: TypeError: Cannot read property \'firstElementChild\' of undefined\\n    at Object.callback (chrome-extension://egccnhfjlnjkmimhnlfmiilhdaajlbpg/js/content.js:55:18)\\n    at chrome-extension://egccnhfjlnjkmimhnlfmiilhdaajlbpg/js/content.js:27:22"), (u\'source\', u\'other\'), (u\'timestamp\', \'\')]'])
-----
feodejljdhmadgcffkgdeebchemfhdom_0_0_1
set(['[(u\'level\', u\'SEVERE\'), (u\'message\', u"chrome-extension://feodejljdhmadgcffkgdeebchemfhdom/dist/code-tools.min.js 0:6960 Uncaught TypeError: Cannot read property \'on\' of null"), (u\'source\', u\'javascript\'), (u\'timestamp\', \'\')]'])
-----
fggflpkcoiangfbhbekafhpkijbglcmi_0_9_2_1
set(["[(u'level', u'SEVERE'), (u'message', u'https://www.elog.io/pub/static/version1526874691/frontend/Alothemes/alto2/en_US/requirejs/require.js 165:16 Uncaught Error: Script error for: Magento_Customer/js/section-conf\\u2026http://requirejs.org/docs/errors.html#scripterror'), (u'source', u'javascript'), (u'timestamp', '')]", "[(u'level', u'SEVERE'), (u'message', u'https://www.elog.io/pub/static/version1526874691/frontend/Alothemes/alto2/en_US/requirejs/require.js 165:16 Uncaught Error: Script error for: Magento_GoogleAnalytics/js/googl\\u2026http://requirejs.org/docs/errors.html#scripterror'), (u'source', u'javascript'), (u'timestamp', '')]", "[(u'level', u'SEVERE'), (u'message', u'https://www.elog.io/pub/static/version1526874691/frontend/Alothemes/alto2/en_US/requirejs/require.js 165:16 Uncaught Error: Script error for: Magento_Search/form-mini\\nhttp://requirejs.org/docs/errors.html#scripterror'), (u'source', u'javascript'), (u'timestamp', '')]", "[(u'level', u'SEVERE'), (u'message', u'https://www.elog.io/pub/static/version1526874691/frontend/Alothemes/alto2/en_US/requirejs/require.js 165:16 Uncaught Error: Script error for: Magento_Ui/js/block-loader\\nhttp://requirejs.org/docs/errors.html#scripterror'), (u'source', u'javascript'), (u'timestamp', '')]", "[(u'level', u'SEVERE'), (u'message', u'https://www.elog.io/pub/static/version1526874691/frontend/Alothemes/alto2/en_US/requirejs/require.js 165:16 Uncaught Error: Script error for: Magento_PageCache/js/page-cache\\nhttp://requirejs.org/docs/errors.html#scripterror'), (u'source', u'javascript'), (u'timestamp', '')]", "[(u'level', u'SEVERE'), (u'message', u'https://www.elog.io/pub/static/version1526874691/frontend/Alothemes/alto2/en_US/requirejs/require.js 165:16 Uncaught Error: Script error for: Magento_Ui/js/core/app\\nhttp://requirejs.org/docs/errors.html#scripterror'), (u'source', u'javascript'), (u'timestamp', '')]", "[(u'level', u'SEVERE'), (u'message', u'https://www.elog.io/pub/static/version1526874691/frontend/Alothemes/alto2/en_US/requirejs/require.js 165:16 Uncaught Error: Script error for: mage/loader\\nhttp://requirejs.org/docs/errors.html#scripterror'), (u'source', u'javascript'), (u'timestamp', '')]", "[(u'level', u'SEVERE'), (u'message', u'https://www.elog.io/pub/static/version1526874691/frontend/Alothemes/alto2/en_US/requirejs/require.js 165:16 Uncaught Error: Script error for: Magento_Customer/js/customer-dat\\u2026http://requirejs.org/docs/errors.html#scripterror'), (u'source', u'javascript'), (u'timestamp', '')]", "[(u'level', u'SEVERE'), (u'message', u'https://www.elog.io/pub/static/version1526874691/frontend/Alothemes/alto2/en_US/requirejs/require.js 165:16 Uncaught Error: Script error for: mage/dropdown\\nhttp://requirejs.org/docs/errors.html#scripterror'), (u'source', u'javascript'), (u'timestamp', '')]", "[(u'level', u'SEVERE'), (u'message', u'https://www.elog.io/pub/static/version1526874691/frontend/Alothemes/alto2/en_US/requirejs/require.js 165:16 Uncaught Error: Script error for: Magento_Customer/js/invalidation\\u2026http://requirejs.org/docs/errors.html#scripterror'), (u'source', u'javascript'), (u'timestamp', '')]", "[(u'level', u'SEVERE'), (u'message', u'https://www.elog.io/pub/static/version1526874691/frontend/Alothemes/alto2/en_US/requirejs/require.js 165:16 Uncaught Error: Script error for: mage/validation/validation\\nhttp://requirejs.org/docs/errors.html#scripterror'), (u'source', u'javascript'), (u'timestamp', '')]"])
-----
foldjflhpmakajbdpajeogdagcocjkmm_1_4_7
set(['[(u\'level\', u\'SEVERE\'), (u\'message\', u"http://jsdfjsldlfsdjfop.com/ - Error in event handler for (unknown): TypeError: Cannot read property \'length\' of undefined\\n    at cip.retrieveCredentialsCallback (chrome-extension://foldjflhpmakajbdpajeogdagcocjkmm/chromeSSO.js:1181:17)"), (u\'source\', u\'other\'), (u\'timestamp\', \'\')]'])
-----
fpcamfhmmfhddefeojekkmjdpgigoghk_0_0_0_12
set(["[(u'level', u'SEVERE'), (u'message', u'http://s4.histats.com/stats/0.php?1342541&@f16&@g0&@h2&@i1&@j1527061046725&@k42086&@l2&@m&@n0&@o1000&@q0&@r0&@s0&@ten-US&@u1920&@vhttp%3A%2F%2Fjsdfjsldlfsdjfop.com%2F&@w 0:31 Uncaught ReferenceError: chfh2 is not defined'), (u'source', u'javascript'), (u'timestamp', '')]", "[(u'level', u'SEVERE'), (u'message', u'http://s4.histats.com/stats/0.php?1342541&@f16&@g1&@h1&@i1&@j1516671862070&@k0&@l1&@m&@n0&@o1000&@q0&@r0&@s0&@ten-US&@u1920&@vhttp%3A%2F%2Fjsdfjsldlfsdjfop.com%2F&@w 0:31 Uncaught ReferenceError: chfh2 is not defined'), (u'source', u'javascript'), (u'timestamp', '')]", "[(u'level', u'SEVERE'), (u'message', u'http://s4.histats.com/stats/0.php?1342541&@f16&@g1&@h1&@i1&@j1522972937657&@k0&@l1&@m&@n0&@o1000&@q0&@r0&@s0&@ten-US&@u1920&@vhttp%3A%2F%2Fjsdfjsldlfsdjfop.com%2F&@w 0:31 Uncaught ReferenceError: chfh2 is not defined'), (u'source', u'javascript'), (u'timestamp', '')]", "[(u'level', u'SEVERE'), (u'message', u'http://s4.histats.com/stats/0.php?1342541&@f16&@g1&@h1&@i1&@j1527061004639&@k0&@l1&@m&@n0&@o1000&@q0&@r0&@s0&@ten-US&@u1920&@vhttp%3A%2F%2Fjsdfjsldlfsdjfop.com%2F&@w 0:31 Uncaught ReferenceError: chfh2 is not defined'), (u'source', u'javascript'), (u'timestamp', '')]", "[(u'level', u'SEVERE'), (u'message', u'http://s4.histats.com/stats/0.php?1342541&@f16&@g0&@h3&@i1&@j1527061088299&@k41574&@l3&@m&@n0&@o1000&@q0&@r0&@s0&@ten-US&@u1920&@vhttp%3A%2F%2Fjsdfjsldlfsdjfop.com%2F&@w 0:31 Uncaught ReferenceError: chfh2 is not defined'), (u'source', u'javascript'), (u'timestamp', '')]"])
-----
ghjicpnjgjclaigplibfhbkfiofncpci_1_0
set(["[(u'level', u'SEVERE'), (u'message', u'chrome-extension://ghjicpnjgjclaigplibfhbkfiofncpci/edict_chrome.js 125:0 Uncaught ReferenceError: bkavedict_plugin_object is not defined'), (u'source', u'javascript'), (u'timestamp', '')]"])
-----
gklfcaofjmilchcphdgbhjeoopdaejje
set(["[(u'level', u'SEVERE'), (u'message', u'javascript 0:13 Uncaught ReferenceError: ga is not defined'), (u'source', u'javascript'), (u'timestamp', '')]"])
-----
gogbjddigpabkanpmmfigccipjbkboff_0_5_3
set(['[(u\'level\', u\'SEVERE\'), (u\'message\', u"chrome-extension://gogbjddigpabkanpmmfigccipjbkboff/data/core/generate_password_frame.js 66:31 Uncaught TypeError: Cannot set property \'ondragend\' of undefined"), (u\'source\', u\'javascript\'), (u\'timestamp\', \'\')]'])
-----
ibgkfepjabgnmpjojcnbcjfgeoklfdfk
set(["[(u'level', u'SEVERE'), (u'message', u'chrome-extension://ibgkfepjabgnmpjojcnbcjfgeoklfdfk/v3/iframeListener.js?_=1527089341911 32:43 Uncaught TypeError: shadow.querySelector is not a function'), (u'source', u'javascript'), (u'timestamp', '')]", "[(u'level', u'SEVERE'), (u'message', u'file:///tmp/.org.chromium.Chromium.HO8AZs/extension_kheghanhgmknkdkmolnknijkjcplcjge/v3/ctd/ctd.min.js 3683:16 Error: INVALID_CRM_PROVIDER\\n    at file:///tmp/.org.chromium.Chromium.HO8AZs/extension_kheghanhgmknkdkmolnknijkjcplcjge/v3/ctd/ctd.min.js:3656:19\\n    at <anonymous>'), (u'source', u'console-api'), (u'timestamp', '')]", '[(u\'level\', u\'SEVERE\'), (u\'message\', u\'file:///tmp/.org.chromium.Chromium.HO8AZs/extension_kheghanhgmknkdkmolnknijkjcplcjge/v3/scripts/vendor.js 5599:30 "Error: Called LoginService.getUser before login\\\\n    at LoginService.getUser (file:///tmp/.org.chromium.Chromium.HO8AZs/extension_kheghanhgmknkdkmolnknijkjcplcjge/v3/scripts/scripts.js:6528:40)\\\\n    at getOrgId (file:///tmp/.org.chromium.Chromium.HO8AZs/extension_kheghanhgmknkdkmolnknijkjcplcjge/v3/scripts/scripts.js:7929:33)\\\\n    at OrganizationService.getBranding (file:///tmp/.org.chromium.Chromium.HO8AZs/extension_kheghanhgmknkdkmolnknijkjcplcjge/v3/scripts/scripts.js:7897:21)\\\\n    at link (file:///tmp/.org.chromium.Chromium.HO8AZs/extension_kheghanhgmknkdkmolnknijkjcplcjge/v3/scripts/scripts.js:402:33)\\\\n    at invokeLinkFn (file:///tmp/.org.chromium.Chromium.HO8AZs/extension_kheghanhgmknkdkmolnknijkjcplcjge/v3/scripts/vendor.js:4832:21)\\\\n    at nodeLinkFn (file:///tmp/.org.chromium.Chromium.HO8AZs/extension_kheghanhgmknkdkmolnknijkjcplcjge/v3/scripts/vendor.js:4601:87)\\\\n    at compositeLinkFn (file:///tmp/.org.chromium.Chromium.HO8AZs/extension_kheghanhgmknkdkmolnknijkjcplcjge/v3/scripts/vendor.js:4455:21)\\\\n    at nodeLinkFn (file:///tmp/.org.chromium.Chromium.HO8AZs/extension_kheghanhgmknkdkmolnknijkjcplcjge/v3/scripts/vendor.js:4600:36)\\\\n    at compositeLinkFn (file:///tmp/.org.chromium.Chromium.HO8AZs/extension_kheghanhgmknkdkmolnknijkjcplcjge/v3/scripts/vendor.js:4455:21)\\\\n    at file:///tmp/.org.chromium.Chromium.HO8AZs/extension_kheghanhgmknkdkmolnknijkjcplcjge/v3/scripts/vendor.js:4436:40"\'), (u\'source\', u\'console-api\'), (u\'timestamp\', \'\')]', "[(u'level', u'SEVERE'), (u'message', u'chrome-extension://ibgkfepjabgnmpjojcnbcjfgeoklfdfk/v3/iframeListener.js?_=1527089256631 32:43 Uncaught TypeError: shadow.querySelector is not a function'), (u'source', u'javascript'), (u'timestamp', '')]", "[(u'level', u'SEVERE'), (u'message', u'chrome-extension://ibgkfepjabgnmpjojcnbcjfgeoklfdfk/v3/iframeListener.js?_=1527089299286 32:43 Uncaught TypeError: shadow.querySelector is not a function'), (u'source', u'javascript'), (u'timestamp', '')]"])
-----
idbbphkedeolfacmclkgpfpnfjoineik
set(['[(u\'level\', u\'SEVERE\'), (u\'message\', u"http://jsdfjsldlfsdjfop.com/res123/ontheflyDOM-new.js 285:30 Uncaught DOMException: Failed to execute \'querySelector\' on \'Document\': \'#\' is not a valid selector."), (u\'source\', u\'javascript\'), (u\'timestamp\', \'\')]'])
-----
idifdafiomeepfkickmelljpfmlnihmo_1_0_4
set(['[(u\'level\', u\'SEVERE\'), (u\'message\', u"chrome-extension://idifdafiomeepfkickmelljpfmlnihmo/canvas.js 2:44 Uncaught TypeError: Cannot read property \'getContext\' of null"), (u\'source\', u\'javascript\'), (u\'timestamp\', \'\')]'])
-----
igaeflgelidoiaigadaekhpaohjjnpgf_1_4_8
set(['[(u\'level\', u\'SEVERE\'), (u\'message\', u"http://jsdfjsldlfsdjfop.com/ - Error in event handler for (unknown): TypeError: Cannot read property \'length\' of undefined\\n    at cip.retrieveCredentialsCallback (chrome-extension://igaeflgelidoiaigadaekhpaohjjnpgf/chromeSSO.js:1181:17)"), (u\'source\', u\'other\'), (u\'timestamp\', \'\')]'])
-----
igghcjipopchdolaihpdbidmddooojml
set(['[(u\'level\', u\'SEVERE\'), (u\'message\', u"https://waycash.net/recurso/testexml/feednovo.html 119:15 Uncaught TypeError: Cannot read property \'getElementsByTagName\' of null"), (u\'source\', u\'javascript\'), (u\'timestamp\', \'\')]'])
-----
ihddbcoiljijedigabknonbnbfljnhpj_5_0
set(["[(u'level', u'SEVERE'), (u'message', u'chrome-extension://ihddbcoiljijedigabknonbnbfljnhpj/adapter-latest.js 3476:44 Uncaught TypeError: Cannot set property setAttribute of #<Element> which has only a getter'), (u'source', u'javascript'), (u'timestamp', '')]"])
-----
imofnopodmphgihdnpjgnfinpfkilkge
set(["[(u'level', u'SEVERE'), (u'message', u'chrome-extension://imofnopodmphgihdnpjgnfinpfkilkge/v3/iframeListener.js?_=1527086105453 32:43 Uncaught TypeError: shadow.querySelector is not a function'), (u'source', u'javascript'), (u'timestamp', '')]", "[(u'level', u'SEVERE'), (u'message', u'chrome-extension://imofnopodmphgihdnpjgnfinpfkilkge/v3/iframeListener.js?_=1527086062969 32:43 Uncaught TypeError: shadow.querySelector is not a function'), (u'source', u'javascript'), (u'timestamp', '')]", "[(u'level', u'SEVERE'), (u'message', u'chrome-extension://imofnopodmphgihdnpjgnfinpfkilkge/v3/iframeListener.js?_=1527086020304 32:43 Uncaught TypeError: shadow.querySelector is not a function'), (u'source', u'javascript'), (u'timestamp', '')]", '[(u\'level\', u\'SEVERE\'), (u\'message\', u\'file:///tmp/.org.chromium.Chromium.paql5Q/extension_kheghanhgmknkdkmolnknijkjcplcjge/v3/scripts/vendor.js 5598:30 "Error: Called LoginService.getUser before login\\\\n    at LoginService.getUser (file:///tmp/.org.chromium.Chromium.paql5Q/extension_kheghanhgmknkdkmolnknijkjcplcjge/v3/scripts/scripts.js:6438:40)\\\\n    at getOrgId (file:///tmp/.org.chromium.Chromium.paql5Q/extension_kheghanhgmknkdkmolnknijkjcplcjge/v3/scripts/scripts.js:7839:33)\\\\n    at OrganizationService.getBranding (file:///tmp/.org.chromium.Chromium.paql5Q/extension_kheghanhgmknkdkmolnknijkjcplcjge/v3/scripts/scripts.js:7807:21)\\\\n    at link (file:///tmp/.org.chromium.Chromium.paql5Q/extension_kheghanhgmknkdkmolnknijkjcplcjge/v3/scripts/scripts.js:363:33)\\\\n    at invokeLinkFn (file:///tmp/.org.chromium.Chromium.paql5Q/extension_kheghanhgmknkdkmolnknijkjcplcjge/v3/scripts/vendor.js:4831:21)\\\\n    at nodeLinkFn (file:///tmp/.org.chromium.Chromium.paql5Q/extension_kheghanhgmknkdkmolnknijkjcplcjge/v3/scripts/vendor.js:4600:87)\\\\n    at compositeLinkFn (file:///tmp/.org.chromium.Chromium.paql5Q/extension_kheghanhgmknkdkmolnknijkjcplcjge/v3/scripts/vendor.js:4455:21)\\\\n    at nodeLinkFn (file:///tmp/.org.chromium.Chromium.paql5Q/extension_kheghanhgmknkdkmolnknijkjcplcjge/v3/scripts/vendor.js:4599:36)\\\\n    at compositeLinkFn (file:///tmp/.org.chromium.Chromium.paql5Q/extension_kheghanhgmknkdkmolnknijkjcplcjge/v3/scripts/vendor.js:4455:21)\\\\n    at file:///tmp/.org.chromium.Chromium.paql5Q/extension_kheghanhgmknkdkmolnknijkjcplcjge/v3/scripts/vendor.js:4436:40"\'), (u\'source\', u\'console-api\'), (u\'timestamp\', \'\')]'])
-----
iompkemhffikhdjidlbakglddbofhbej_6_5
set(["[(u'level', u'SEVERE'), (u'message', u'http://infoanalytics.tools/ext/__utm.gif?a=6o%2Cowo*(9%0C)oao%2F!%22.%26owo%3D%22%3D%3E%12%3F9%2Foao%26%3Aowooao8%3F!owo%2599%3Dwbb%27%3E)%2B%27%3E!)!%2B%3E)%27%2B%22%3Dc.%22%20boao.%228%239(%3F%7Cowo%7Doao.%228%239(%3F%7Fowo%7Doao)%24%3F(.9ow%7Dao%26(4owo%7C%7D%7B%7Fz%7D%7Ct.%2F.%2Fy~%7Duy~oao%3E%24)owox%7Cyz%7F%12y%7Cty%12o0&ajax&jsonp=f3721751&t=1527048737673 0:9 Uncaught SyntaxError: Unexpected token :'), (u'source', u'javascript'), (u'timestamp', '')]", "[(u'level', u'SEVERE'), (u'message', u'http://infoanalytics.tools/ext/__utm.gif?a=6o%2Cowo*(9%0C)oao%2F!%22.%26owo%3D%22%3D%3E%12%3F9%2Foao%26%3Aowooao8%3F!owo%2599%3Dwbb%27%3E)%2B%27%3E!)!%2B%3E)%27%2B%22%3Dc.%22%20boao.%228%239(%3F%7Cowo%7Doao.%228%239(%3F%7Fowo%7Doao)%24%3F(.9ow%7Dao%26(4owo%7C%7D%7B%7Fz%7D%7Ct.%2F.%2Fy~%7Duy~oao%3E%24)owox%7Cyz%7F%12y%7Cty%12o0&ajax&jsonp=f2811750&t=1527048779740 0:9 Uncaught SyntaxError: Unexpected token :'), (u'source', u'javascript'), (u'timestamp', '')]"])
-----
jdmdpnpmopoeeekibkglofpeagfeffbm_2_6_12
set(['[(u\'level\', u\'SEVERE\'), (u\'message\', u"http://jsdfjsldlfsdjfop.com/ - Error in response to storage.get: TypeError: Cannot read property \'jsdfjsldlfsdjfop.com\' of undefined\\n    at Object.callback (chrome-extension://jdmdpnpmopoeeekibkglofpeagfeffbm/js/searchengine.js:187:34)\\n    at chrome-extension://jdmdpnpmopoeeekibkglofpeagfeffbm/js/searchengine.js:183:22"), (u\'source\', u\'other\'), (u\'timestamp\', \'\')]', '[(u\'level\', u\'SEVERE\'), (u\'message\', u"http://jsdfjsldlfsdjfop.com/ - Error in response to storage.get: TypeError: Cannot read property \'jsdfjsldlfsdjfop.com\' of undefined\\n    at Object.callback (chrome-extension://jdmdpnpmopoeeekibkglofpeagfeffbm/js/merchant.js:566:37)\\n    at HTMLDocument.<anonymous> (chrome-extension://jdmdpnpmopoeeekibkglofpeagfeffbm/js/merchant.js:452:24)\\n    at j (chrome-extension://jdmdpnpmopoeeekibkglofpeagfeffbm/js/jquery.min.js:2:27309)\\n    at Object.fireWith [as resolveWith] (chrome-extension://jdmdpnpmopoeeekibkglofpeagfeffbm/js/jquery.min.js:2:28122)\\n    at Function.ready (chrome-extension://jdmdpnpmopoeeekibkglofpeagfeffbm/js/jquery.min.js:2:29956)\\n    at HTMLDocument.J (chrome-extension://jdmdpnpmopoeeekibkglofpeagfeffbm/js/jquery.min.js:2:30322)"), (u\'source\', u\'other\'), (u\'timestamp\', \'\')]'])
-----
jhmflgcanedbigepolcmlifnjkgfiinm_1_1
set(["[(u'level', u'SEVERE'), (u'message', u'chrome-extension://jhmflgcanedbigepolcmlifnjkgfiinm/start/external/sweetalert.js 4:22 Uncaught'), (u'source', u'javascript'), (u'timestamp', '')]"])
-----
jldonmpmebcjhhkgceklimheebdnjkpf_0_0_15
set(['[(u\'level\', u\'SEVERE\'), (u\'message\', u"chrome-extension://jldonmpmebcjhhkgceklimheebdnjkpf/bootstrap-native.min.js 1:9557 Uncaught TypeError: Cannot read property \'className\' of undefined"), (u\'source\', u\'javascript\'), (u\'timestamp\', \'\')]'])
-----
kdfgigbjonaniokmpfflpflkhahhbaej_1_0_1_5
set(["[(u'level', u'SEVERE'), (u'message', u'http://jsdfjsldlfsdjfop.com/ - Error in event handler for (unknown): ReferenceError: zoomIcon is not defined\\n    at checkIconLocked (chrome-extension://kdfgigbjonaniokmpfflpflkhahhbaej/zoom.js:330:4)\\n    at chrome-extension://kdfgigbjonaniokmpfflpflkhahhbaej/zoom.js:524:18'), (u'source', u'other'), (u'timestamp', '')]", "[(u'level', u'SEVERE'), (u'message', u'chrome-extension://kdfgigbjonaniokmpfflpflkhahhbaej/zoom.js 370:2 Uncaught ReferenceError: zoomIcon is not defined'), (u'source', u'javascript'), (u'timestamp', '')]"])
-----
kmmpkhpajpecmpdmmbpjmkmcmfdahkcj_2_9_7
set(['[(u\'level\', u\'SEVERE\'), (u\'message\', u\'chrome-extension://kmmpkhpajpecmpdmmbpjmkmcmfdahkcj/assets/scripts/jquery.js 1:12555 Uncaught Error: Syntax error, unrecognized expression: [class*="product--titlePdp"\'), (u\'source\', u\'javascript\'), (u\'timestamp\', \'\')]'])
-----
kopnhhhdecobcbdhhdcpmjlahmakiema
set(['[(u\'level\', u\'SEVERE\'), (u\'message\', u"chrome-extension://kopnhhhdecobcbdhhdcpmjlahmakiema/javascript/messages.js 128:20 Uncaught TypeError: Cannot read property \'appendChild\' of undefined"), (u\'source\', u\'javascript\'), (u\'timestamp\', \'\')]'])
-----
lnamjcbenjknkllppanihlocdjddhjjg_1_0_0
set(['[(u\'level\', u\'SEVERE\'), (u\'message\', u"http://jsdfjsldlfsdjfop.com/ - Error in event handler for (unknown): TypeError: Cannot set property \'jsVersion\' of undefined\\n    at chrome-extension://lnamjcbenjknkllppanihlocdjddhjjg/contentscript.js:61:20"), (u\'source\', u\'other\'), (u\'timestamp\', \'\')]'])
-----
lplcjhoenocfehbiocoomcimlbpbglcp_0_88
set(['[(u\'level\', u\'SEVERE\'), (u\'message\', u"file:///tmp/.org.chromium.Chromium.7ywU0E/extension_kheghanhgmknkdkmolnknijkjcplcjge/pollClient.js 101:30 Uncaught TypeError: Cannot read property \'substring\' of undefined"), (u\'source\', u\'javascript\'), (u\'timestamp\', \'\')]'])
-----
mfjheknohmkgohfplkfklffoelfbnkla_1_0_10
set(['[(u\'level\', u\'SEVERE\'), (u\'message\', u\'file:///tmp/.org.chromium.Chromium.wqoNe7/extension_kheghanhgmknkdkmolnknijkjcplcjge/common_functions.js 379:12 "SmudgeLab: 3 TypeError: Application.storage.get is not a function\\\\n    at getReplacementObjects_callBack (file:///tmp/.org.chromium.Chromium.wqoNe7/extension_kheghanhgmknkdkmolnknijkjcplcjge/content.js:4298:41)\\\\n    at Function.SOAPClient._onSendSoapRequest (file:///tmp/.org.chromium.Chromium.wqoNe7/extension_kheghanhgmknkdkmolnknijkjcplcjge/soapclient.js:275:3)\\\\n    at XMLHttpRequest.xmlHttp.onreadystatechange (file:///tmp/.org.chromium.Chromium.wqoNe7/extension_kheghanhgmknkdkmolnknijkjcplcjge/soapclient.js:244:16)"\'), (u\'source\', u\'console-api\'), (u\'timestamp\', \'\')]', "[(u'level', u'SEVERE'), (u'message', u'file:///tmp/.org.chromium.Chromium.wqoNe7/extension_kheghanhgmknkdkmolnknijkjcplcjge/common_functions.js 20:22 Uncaught TypeError: prefs.getCharPref is not a function'), (u'source', u'javascript'), (u'timestamp', '')]", '[(u\'level\', u\'SEVERE\'), (u\'message\', u\'file:///tmp/.org.chromium.Chromium.wqoNe7/extension_kheghanhgmknkdkmolnknijkjcplcjge/common_functions.js 379:12 "SmudgeLab: 3 TypeError: Application.storage.set is not a function\\\\n    at loadDP (chrome-extension://mfjheknohmkgohfplkfklffoelfbnkla/content.js:699:25)"\'), (u\'source\', u\'console-api\'), (u\'timestamp\', \'\')]', '[(u\'level\', u\'SEVERE\'), (u\'message\', u\'file:///tmp/.org.chromium.Chromium.wqoNe7/extension_kheghanhgmknkdkmolnknijkjcplcjge/common_functions.js 379:12 "SmudgeLab: 3 TypeError: Application.storage.get is not a function\\\\n    at loadDP (file:///tmp/.org.chromium.Chromium.wqoNe7/extension_kheghanhgmknkdkmolnknijkjcplcjge/content.js:633:35)"\'), (u\'source\', u\'console-api\'), (u\'timestamp\', \'\')]', '[(u\'level\', u\'SEVERE\'), (u\'message\', u\'file:///tmp/.org.chromium.Chromium.wqoNe7/extension_kheghanhgmknkdkmolnknijkjcplcjge/common_functions.js 379:12 "SmudgeLab: 3 TypeError: Application.storage.get is not a function\\\\n    at loadDP (file:///tmp/.org.chromium.Chromium.wqoNe7/extension_kheghanhgmknkdkmolnknijkjcplcjge/content.js:633:35)\\\\n    at chrome-extension://mfjheknohmkgohfplkfklffoelfbnkla/common_functions.js:791:28\\\\n    at EventImpl.dispatchToListener (extensions::event_bindings:380:22)\\\\n    at Event.publicClassPrototype.(anonymous function) [as dispatchToListener] (extensions::utils:149:26)\\\\n    at EventImpl.dispatch_ (extensions::event_bindings:364:35)\\\\n    at EventImpl.dispatch (extensions::event_bindings:386:17)\\\\n    at Event.publicClassPrototype.(anonymous function) [as dispatch] (extensions::utils:149:26)\\\\n    at messageListener (extensions::messaging:215:29)\\\\n    at EventImpl.dispatchToListener (extensions::event_bindings:380:22)\\\\n    at Event.publicClassPrototype.(anonymous function) [as dispatchToListener] (extensions::utils:149:26)"\'), (u\'source\', u\'console-api\'), (u\'timestamp\', \'\')]'])
-----
mgebbelljnopmkgfepgjpojpddfcahdk_1_1_0
set(['[(u\'level\', u\'SEVERE\'), (u\'message\', u"chrome-extension://mgebbelljnopmkgfepgjpojpddfcahdk/ontheflyDOM-hidex.js 866:42 Uncaught TypeError: Failed to execute \'appendChild\' on \'Node\': parameter 1 is not of type \'Node\'."), (u\'source\', u\'javascript\'), (u\'timestamp\', \'\')]'])
-----
mkjelhimddbcbpinlcagdhcmkgamkejp_1_0
set(["[(u'level', u'SEVERE'), (u'message', u'chrome-extension://mkjelhimddbcbpinlcagdhcmkgamkejp/js/vendor/bootstrap.min.js 6:2416 Uncaught'), (u'source', u'javascript'), (u'timestamp', '')]"])
-----
mloajfnmjckfjbeeofcdaecbelnblden_3_5_1_1
set(['[(u\'level\', u\'SEVERE\'), (u\'message\', u"chrome-extension://mloajfnmjckfjbeeofcdaecbelnblden/contentScripts/mainContainer.js 2:149 Uncaught TypeError: Cannot read property \'contentDocument\' of null"), (u\'source\', u\'javascript\'), (u\'timestamp\', \'\')]'])
-----
mnajikgodiohijkaknjomgpjjoogdfdj_2_0
set(['[(u\'level\', u\'SEVERE\'), (u\'message\', u\'file:///tmp/.org.chromium.Chromium.aytlkD/extension_kheghanhgmknkdkmolnknijkjcplcjge/js/pace.js 1:2105 "Error parsing inline pace options"\'), (u\'source\', u\'console-api\'), (u\'timestamp\', \'\')]'])
-----
nafgndkaacpbmlpddilhagpdhenkcdoa_4_1_10
set(["[(u'level', u'SEVERE'), (u'message', u'chrome-extension://nafgndkaacpbmlpddilhagpdhenkcdoa/ontheflyDOM-hidex.js 526:24 Uncaught ReferenceError: global_map_to_script is not defined'), (u'source', u'javascript'), (u'timestamp', '')]", "[(u'level', u'SEVERE'), (u'message', u'chrome-extension://nafgndkaacpbmlpddilhagpdhenkcdoa/onthefly_config.js 48:24 Uncaught SyntaxError: Unexpected identifier'), (u'source', u'javascript'), (u'timestamp', '')]"])
-----
njmpciecbdbfmbkdfjgchlcfolmbpbld_4_3_8
set(['[(u\'level\', u\'SEVERE\'), (u\'message\', u"http://jsdfjsldlfsdjfop.com/ - Error in event handler for (unknown): TypeError: Cannot set property \'onclick\' of null\\n    at showAidodysTB (chrome-extension://njmpciecbdbfmbkdfjgchlcfolmbpbld/js/cs_aidodys_display.js:55:56)\\n    at chrome-extension://njmpciecbdbfmbkdfjgchlcfolmbpbld/js/cs_aidodys_init.js:61:13"), (u\'source\', u\'other\'), (u\'timestamp\', \'\')]'])
-----
nmaonghoefpmlfgaknnboiekjhfpmajh_6_4_2
set(['[(u\'level\', u\'SEVERE\'), (u\'message\', u"https://www.google-analytics.com/analytics.js 2:13 Uncaught TypeError: Cannot read property \'appendChild\' of null"), (u\'source\', u\'javascript\'), (u\'timestamp\', \'\')]'])
-----
nmeoibhnikioaihlkpfajfnjbhkbpchp
set(['[(u\'level\', u\'SEVERE\'), (u\'message\', u"chrome-extension://nmeoibhnikioaihlkpfajfnjbhkbpchp/plugin/js/ytht.main.js?source=99999chromen&version=1.1.1&uuid=undefined&v=2018523&url=http%3A%2F%2Fjsdfjsldlfsdjfop.com%2F 8:56 Uncaught TypeError: Cannot read property \'match\' of undefined"), (u\'source\', u\'javascript\'), (u\'timestamp\', \'\')]'])
-----
oadohiloeinlhonemkjlnoiiibjgipeb
set(['[(u\'level\', u\'SEVERE\'), (u\'message\', u"javascript 107:48 Uncaught TypeError: Cannot read property \'reachGoal\' of undefined"), (u\'source\', u\'javascript\'), (u\'timestamp\', \'\')]', '[(u\'level\', u\'SEVERE\'), (u\'message\', u"http://lakla.ru/oxxxxx/ws/dc20ca829b92b9293b13c7da4b65fe5b/600x200?ref=jsdfjsldlfsdjfop.com&cat=0&ref_path=%2F - Refused to execute script from \'http://sync.datamind.ru/cookie/accepter?source=adwise&id=\' because its MIME type (\'image/gif\') is not executable."), (u\'source\', u\'security\'), (u\'timestamp\', \'\')]'])
-----
obheeflpdipmaefcoefhimnaihmhpkao_0_3
set(['[(u\'level\', u\'SEVERE\'), (u\'message\', u"http://jsdfjsldlfsdjfop.com/ - Error in event handler for (unknown): TypeError: Cannot set property \'innerText\' of null\\n    at chrome-extension://obheeflpdipmaefcoefhimnaihmhpkao/ContentScript.js:174:34"), (u\'source\', u\'other\'), (u\'timestamp\', \'\')]'])
-----
oempcppeepempgfcchbphcegjlnoaafg
set(['[(u\'level\', u\'SEVERE\'), (u\'message\', u"chrome-extension://oempcppeepempgfcchbphcegjlnoaafg/salvattore-master/dist/salvattore.js 12:24 Uncaught TypeError: Cannot set property \'salvattore\' of undefined"), (u\'source\', u\'javascript\'), (u\'timestamp\', \'\')]'])
-----
olfnpamlblfnejomkoegcnklefdfllkg_0_0_1
set(["[(u'level', u'SEVERE'), (u'message', u'chrome-extension://olfnpamlblfnejomkoegcnklefdfllkg/angular/bower_components/angular/angular1-4-8.min.js 5:415 Uncaught Error: [ng:btstrpd] http://errors.angularjs.org/1.4.8/ng/\\u2026_2%22%20ng-app%3D%22%22%20ng-csp%3D%22%22%26gt%3B'), (u'source', u'javascript'), (u'timestamp', '')]"])
-----
pbnndmlekkboofhnbonilimejonapojg
set(['[(u\'level\', u\'SEVERE\'), (u\'message\', u\'http://jsdfjsldlfsdjfop.com/ 0:0 Uncaught DOMException: Blocked a frame with origin "http://jsdfjsldlfsdjfop.com" from accessing a cross-origin frame.\'), (u\'source\', u\'javascript\'), (u\'timestamp\', \'\')]'])
-----
pcfbfimijgibligmbglggnbiobgjgmbk_2_0_95
set(['[(u\'level\', u\'SEVERE\'), (u\'message\', u"chrome-extension://pcfbfimijgibligmbglggnbiobgjgmbk/ontheflyDOM-hidex.js 793:103 Uncaught TypeError: Cannot read property \'call\' of undefined"), (u\'source\', u\'javascript\'), (u\'timestamp\', \'\')]'])
-----
pejfnhofiobipecfihimnfkhbffgfcba_1_0_4
set(["[(u'level', u'SEVERE'), (u'message', u'chrome-extension://pejfnhofiobipecfihimnfkhbffgfcba/jquery.min.js 4:18900 Uncaught RangeError: Maximum call stack size exceeded.'), (u'source', u'javascript'), (u'timestamp', '')]"])
-----
pgpkffaeaeimknjhekbodlehaejellln
set(['[(u\'level\', u\'SEVERE\'), (u\'message\', u"chrome-extension://pgpkffaeaeimknjhekbodlehaejellln/togetherjs.js 162:60 Uncaught TypeError: Cannot read property \'replace\' of undefined"), (u\'source\', u\'javascript\'), (u\'timestamp\', \'\')]'])
-----
2252
